
> kodix-turbo@ dev:kdx /Users/mahadevadas/Documents/Kodix/kodix-turbo
> turbo watch dev studio -F @kdx/kdx... @kdx/db-dev#dev

turbo 2.5.4

• Packages in scope: @kdx/api, @kdx/auth, @kdx/dayjs, @kdx/db, @kdx/eslint-config, @kdx/kdx, @kdx/locales, @kdx/permissions, @kdx/prettier-config, @kdx/react-email, @kdx/shared, @kdx/tailwind-config, @kdx/tsconfig, @kdx/ui, @kdx/validators
• Running dev, studio, @kdx/db-dev#dev in 15 packages
• Remote caching disabled
@kdx/db-dev:dev: cache bypass, force executing 38eadc5db1ef109f
@kdx/db:studio: cache bypass, force executing cd5089159b2600c7
@kdx/kdx:dev: cache bypass, force executing c6df93d856fab15d
@kdx/shared:dev: cache bypass, force executing 828d726a526894dc
@kdx/db-dev:dev: 
@kdx/db-dev:dev: > @kdx/db-dev@0.1.0 dev /Users/mahadevadas/Documents/Kodix/kodix-turbo/packages/db-dev
@kdx/db-dev:dev: > trap 'docker compose stop' EXIT; docker compose up --build
@kdx/db-dev:dev: 
@kdx/shared:dev: 
@kdx/shared:dev: > @kdx/shared@0.1.0 dev /Users/mahadevadas/Documents/Kodix/kodix-turbo/packages/shared
@kdx/shared:dev: > tsc
@kdx/shared:dev: 
@kdx/db:studio: 
@kdx/db:studio: > @kdx/db@0.1.0 studio /Users/mahadevadas/Documents/Kodix/kodix-turbo/packages/db
@kdx/db:studio: > pnpm wait-for-db && pnpm with-env drizzle-kit studio
@kdx/db:studio: 
@kdx/kdx:dev: 
@kdx/kdx:dev: > @kdx/kdx@0.1.0 dev /Users/mahadevadas/Documents/Kodix/kodix-turbo/apps/kdx
@kdx/kdx:dev: > pnpm with-env next dev --turbo --port 3000
@kdx/kdx:dev: 
@kdx/kdx:dev: 
@kdx/kdx:dev: > @kdx/kdx@0.1.0 with-env /Users/mahadevadas/Documents/Kodix/kodix-turbo/apps/kdx
@kdx/kdx:dev: > dotenv -e ../../.env -- "next" "dev" "--turbo" "--port" "3000"
@kdx/kdx:dev: 
@kdx/db:studio: 
@kdx/db:studio: > @kdx/db@0.1.0 wait-for-db /Users/mahadevadas/Documents/Kodix/kodix-turbo/packages/db
@kdx/db:studio: > while ! nc -z localhost 3306; do sleep 1; done
@kdx/db:studio: 
@kdx/db-dev:dev:  Container kodix-db-serverless-redis-http-1  Created
@kdx/db-dev:dev:  Container kodix-db-mysql-1  Created
@kdx/db-dev:dev:  Container kodix-db-redis-1  Created
@kdx/db-dev:dev: Attaching to mysql-1, redis-1, serverless-redis-http-1
@kdx/db-dev:dev: mysql-1                  | 2025-06-27 21:41:20+00:00 [Note] [Entrypoint]: Entrypoint script for MySQL Server 8.2.0-1.el8 started.
@kdx/db-dev:dev: redis-1                  | Starting Redis Server
@kdx/db-dev:dev: redis-1                  | 1:C 27 Jun 2025 21:41:20.614 * oO0OoO0OoO0Oo Redis is starting oO0OoO0OoO0Oo
@kdx/db-dev:dev: redis-1                  | 1:C 27 Jun 2025 21:41:20.614 * Redis version=8.0.2, bits=64, commit=00000000, modified=1, pid=1, just started
@kdx/db-dev:dev: redis-1                  | 1:C 27 Jun 2025 21:41:20.614 * Configuration loaded
@kdx/db-dev:dev: redis-1                  | 1:M 27 Jun 2025 21:41:20.615 * monotonic clock: POSIX clock_gettime
@kdx/db-dev:dev: redis-1                  | 1:M 27 Jun 2025 21:41:20.616 * Running mode=standalone, port=6379.
@kdx/db-dev:dev: redis-1                  | 1:M 27 Jun 2025 21:41:20.617 * <bf> RedisBloom version 8.0.1 (Git=unknown)
@kdx/db-dev:dev: redis-1                  | 1:M 27 Jun 2025 21:41:20.618 * <bf> Registering configuration options: [
@kdx/db-dev:dev: redis-1                  | 1:M 27 Jun 2025 21:41:20.618 * <bf> 	{ bf-error-rate       :      0.01 }
@kdx/db-dev:dev: redis-1                  | 1:M 27 Jun 2025 21:41:20.618 * <bf> 	{ bf-initial-size     :       100 }
@kdx/db-dev:dev: redis-1                  | 1:M 27 Jun 2025 21:41:20.618 * <bf> 	{ bf-expansion-factor :         2 }
@kdx/db-dev:dev: redis-1                  | 1:M 27 Jun 2025 21:41:20.618 * <bf> 	{ cf-bucket-size      :         2 }
@kdx/db-dev:dev: redis-1                  | 1:M 27 Jun 2025 21:41:20.618 * <bf> 	{ cf-initial-size     :      1024 }
@kdx/db-dev:dev: redis-1                  | 1:M 27 Jun 2025 21:41:20.618 * <bf> 	{ cf-max-iterations   :        20 }
@kdx/db-dev:dev: redis-1                  | 1:M 27 Jun 2025 21:41:20.619 * <bf> 	{ cf-expansion-factor :         1 }
@kdx/db-dev:dev: redis-1                  | 1:M 27 Jun 2025 21:41:20.619 * <bf> 	{ cf-max-expansions   :        32 }
@kdx/db-dev:dev: redis-1                  | 1:M 27 Jun 2025 21:41:20.619 * <bf> ]
@kdx/db-dev:dev: redis-1                  | 1:M 27 Jun 2025 21:41:20.620 * Module 'bf' loaded from /usr/local/lib/redis/modules//redisbloom.so
@kdx/db-dev:dev: redis-1                  | 1:M 27 Jun 2025 21:41:20.625 * <search> Redis version found by RedisSearch : 8.0.2 - oss
@kdx/db-dev:dev: redis-1                  | 1:M 27 Jun 2025 21:41:20.625 * <search> RediSearch version 8.0.1 (Git=5688fcc)
@kdx/db-dev:dev: redis-1                  | 1:M 27 Jun 2025 21:41:20.625 * <search> Low level api version 1 initialized successfully
@kdx/db-dev:dev: redis-1                  | 1:M 27 Jun 2025 21:41:20.625 * <search> gc: ON, prefix min length: 2, min word length to stem: 4, prefix max expansions: 200, query timeout (ms): 500, timeout policy: return, cursor read size: 1000, cursor max idle (ms): 300000, max doctable size: 1000000, max number of search results:  1000000, 
@kdx/db-dev:dev: redis-1                  | 1:M 27 Jun 2025 21:41:20.625 * <search> Initialized thread pools!
@kdx/db-dev:dev: redis-1                  | 1:M 27 Jun 2025 21:41:20.625 * <search> Disabled workers threadpool of size 0
@kdx/db-dev:dev: redis-1                  | 1:M 27 Jun 2025 21:41:20.625 * <search> Subscribe to config changes
@kdx/db-dev:dev: redis-1                  | 1:M 27 Jun 2025 21:41:20.625 * <search> Enabled role change notification
@kdx/db-dev:dev: redis-1                  | 1:M 27 Jun 2025 21:41:20.625 * <search> Cluster configuration: AUTO partitions, type: 0, coordinator timeout: 0ms
@kdx/db-dev:dev: redis-1                  | 1:M 27 Jun 2025 21:41:20.626 * <search> Register write commands
@kdx/db-dev:d@kdx/shared:dev: cache bypass, force executing 6ae197b7d0449bbd
@kdx/shared:dev: 
@kdx/shared:dev: > @kdx/shared@0.1.0 dev /Users/mahadevadas/Documents/Kodix/kodix-turbo/packages/shared
@kdx/shared:dev: > tsc
@kdx/shared:dev: 
@kdx/db:dev: cache bypass, force executing 394534e3bc0fc2bc
@kdx/ui:dev: cache bypass, force executing 0ad35dc9b21b1def
@kdx/db:dev: 
@kdx/db:dev: > @kdx/db@0.1.0 dev /Users/mahadevadas/Documents/Kodix/kodix-turbo/packages/db
@kdx/db:dev: > tsc
@kdx/db:dev: 
@kdx/ui:dev: 
@kdx/ui:dev: > @kdx/ui@0.1.0 dev /Users/mahadevadas/Documents/Kodix/kodix-turbo/packages/ui
@kdx/ui:dev: > tsc
@kdx/ui:dev: 
@kdx/db:dev: src/repositories/app/appRepository.ts(210,53): error TS2339: Property 'ai_studio_app_789' does not exist on type '{ "1z5@kdx/db:dev: src/repositories/app/appRepository.ts(210,53): error TS2339: Property 'ai_studio_app_789' does not exist on type '{ "1z50i9xblo4b": ZodObject<{ sendNotificationsForDelayedTasks: ZodOptional<ZodOptional<ZodBoolean>>; }, "strip", ZodTypeAny, { sendNotificationsForDelayedTasks?: boolean | undefined; }, { ...; }>; az1x2c3bv4n5: ZodObject<...>; }'.
@kdx/db:dev:  ELIFECYCLE  Command failed with exit code 2.
@kdx/db:dev: ERROR: command finished with error: command (/Users/mahadevadas/Documents/Kodix/kodix-turbo/packages/db) /Users/mahadevadas/.nvm/versions/node/v20.18.1/bin/pnpm run dev exited (2)
@kdx/db#dev: command (/U@kdx/api:dev: cache bypass, force executing ab3dbb845531067d
@kdx/api:dev: 
@kdx/api:dev: > @kdx/api@0.1.0 dev /Users/mahadevadas/Documents/Kodix/kodix-turbo/packages/api
@kdx/api:dev: > tsc
@kd@kdx/api:dev@kdx/api:dev: src/trpc/routers/app/ai-studio/_router.ts(11,3): error TS2305: Module '"@kdx/validators/trpc/app"' has no exported member 'aiStudioUserAppTeamConfigSchema'.
@kdx/api:dev: src/trpc/routers/app/ai-studio/_router.ts(36,34): error TS2307: Cannot find module '../../../../internal/services/appConfig.service' or its corresponding type declarations.
@kdx/api:dev: src/trpc/routers/app/installApp.handler.ts(46,43): error TS2345: Argument of type '"rglo4zodf341" | "1z50i9xblo4b" | "az1x2c3bv4n5" | "ai9x7m2k5p1s"' is not assignable to parameter of type 'KodixAppId'.
@kdx/api:dev:   Type '"ai9x7m2k5p1s"' is not assignable to type 'KodixAppId'.
@kdx/api:dev: src/trpc/routers/app/installApp.handler.ts(107,7): error TS2322: Type '"rglo4zodf341" | "1z50i9xblo4b" | "az1x2c3bv4n5" | "ai9x7m2k5p1s"' is not assignable to type 'KodixAppId'.
@kdx/api:dev:   Type '"ai9x7m2k5p1s"' is not assignable to type 'KodixAppId'.
@kdx/api:dev: ../db/src/repositories/app/appRepository.ts(210,53): error TS2339: Property 'ai_studio_app_789' does not exist on type '{ "1z50i9xblo4b": ZodObject<{ sendNotificationsForDelayedTasks: ZodOptional<ZodOptional<ZodBoolean>>; }, "strip", ZodTypeAny, { sendNotificationsForDelayedTasks?: boolean | undefined; }, { ...; }>; az1x2c3bv4n5: ZodObject<...>; }'.
@kdx/api:dev:  ELIFECYCLE  Command failed with exit code 2.
@kdx/api:dev: ERROR: command finished with error: command (/Users/mahadevadas/Documents/Kodix/kodix-turbo/packages/api) /Users/mahadevadas/.nvm/versions/node/v20.18.1/bin/pnpm run dev exited (2)
@kdx/api#dev: command (/Users/mahadevadas/Documents/Kodix/kodix-turbo/packages/api) /Users/mahadevadas/.nvm/versions/node/v20.18.1/bin/pnpm run dev exited (2)
@kdx/api:dev: cache bypass, force executing 024d3c0ef39f4d3f
@kdx/api:dev: 
@kdx/api:dev: > @kdx/api@0.1.0 dev /Users/mahadevadas/Documents/Kodix/kodix-turbo/packages/api
@kdx/api:dev: > tsc
@kdx/api:dev: 
@kdx/api:dev: src/trpc/routers/app/ai-studio/_router.ts(9,31): error TS2307: Cannot find module '@kdx/shared/constants' or its corresponding type declarations.
@kdx/api:dev: src/trpc/routers/app/ai-studio/_router.ts(11,3): error TS2305: Module '"@kdx/validators/trpc/app"' has no exported member 'aiStudioUserAppTeamConfigSchema'.
@kdx/api:dev: src/trpc/routers/app/ai-studio/_router.ts(36,34): error TS2307: Cannot find module '../../../../internal/services/appConfig.service' or its corresponding type declarations.
@kdx/api:dev: src/trpc/routers/app/ai-studio/_router.ts(37,44): error TS2307: Cannot find module '../../trpc' or its corresponding type declarations.
@kdx/api:dev: src/trpc/routers/app/ai-studio/_router.ts(64,24): error TS7031: Binding element 'input' implicitly has an 'any' type.
@kdx/api:dev: src/trpc/routers/app/ai-studio/_router.ts(64,31): error TS7031: Binding element 'ctx' implicitly has an 'any' type.
@kdx/api:dev: src/trpc/routers/app/ai-studio/_router.ts(88,21): error TS7031: Binding element 'input' implicitly has an 'any' type.
@kdx/api:dev: src/trpc/routers/app/ai-studio/_router.ts(88,28): error TS7031: Binding element 'ctx' implicitly has an 'any' type.
@kdx/api:dev: src/trpc/routers/app/ai-studio/_router.ts(123,21): error TS7031: Binding element 'input' implicitly has an 'any' type.
@kdx/api:dev: src/trpc/routers/app/ai-studio/_router.ts(123,28): error TS7031: Binding element 'ctx' implicitly has an 'any' type.
@kdx/api:dev: src/trpc/routers/app/ai-studio/_router.ts(154,24): error TS7031: Binding element 'input' implicitly has an 'any' type.
@kdx/api:dev: src/trpc/routers/app/ai-studio/_router.ts(154,31): error TS7031: Binding element 'ctx' implicitly has an 'any' type.
@kdx/api:dev: src/trpc/routers/app/ai-studio/_router.ts(182,24): error TS7031: Binding element 'input' implicitly has an 'any' type.
@kdx/api:dev: src/trpc/routers/app/ai-studio/_router.ts(182,31): error TS7031: Binding element 'ctx' implicitly has an 'any' type.
@kdx/api:dev: src/trpc/routers/app/ai-studio/_router.ts(221,58): error TS7031: Binding element 'ctx' implicitly has an 'any' type.
@kdx/api:dev: src/trpc/routers/app/ai-studio/_router.ts(237,24): error TS7031: Binding element 'ctx' implicitly has an 'any' type.
@kdx/api:dev: src/trpc/routers/app/ai-studio/_router.ts(237,29): error TS7031: Binding element 'input' implicitly has an 'any' type.
@kdx/api:dev: src/trpc/routers/app/ai-studio/_router.ts(255,24): error TS7031: Binding element 'ctx' implicitly has an 'any' type.
@kdx/api:dev: src/trpc/routers/app/ai-studio/_router.ts(255,29): error TS7031: Binding element 'input' implicitly has an 'any' type.
@kdx/api:dev: src/trpc/routers/app/ai-studio/_router.ts(273,24): error TS7031: Binding element 'ctx' implicitly has an 'any' type.
@kdx/api:dev: src/trpc/routers/app/ai-studio/_router.ts(273,29): error TS7031: Binding element 'input' implicitly has an 'any' type.
@kdx/api:dev: src/trpc/routers/app/ai-studio/_router.ts(298,24): error TS7031: Binding element 'ctx' implicitly has an 'any' type.
@kdx/api:dev: src/trpc/routers/app/ai-studio/_router.ts(298,29): error TS7031: Binding element 'input' implicitly has an 'any' type.
@kdx/api:dev: src/trpc/routers/app/ai-studio/_router.ts(316,24): error TS7031: Binding element 'ctx' implicitly has an 'any' type.
@kdx/api:dev: src/trpc/routers/app/ai-studio/_router.ts(316,29): error TS7031: Binding element 'input' implicitly has an 'any' type.
@kdx/api:dev: src/trpc/routers/app/ai-studio/_router.ts(331,54): error TS7031: Binding element 'ctx' implicitly has an 'any' type.
@kdx/api:dev: src/trpc/routers/app/ai-studio/_router.ts(349,58): error TS7031: Binding element 'ctx' implicitly has an 'any' type.
@kdx/api:dev: src/trpc/routers/app/ai-studio/_router.ts(364,16): error TS2304: Cannot find name 'aiStudioConfigSchema'.
@kdx/api:dev: src/trpc/routers/app/ai-studio/_router.ts(367,14): error TS2304: Cannot find name 'aiStudioConfigSchema'.
@kdx/api:dev: src/trpc/routers/app/ai-studio/_router.ts(385,24): error TS7031: Binding element 'ctx' implicitly has an 'any' type.
@kdx/api:dev: src/trpc/routers/app/ai-studio/_router.ts(385,29): error TS7031: Binding element 'input' implicitly has an 'any' type.
@kdx/api:dev: src/trpc/routers/app/ai-studio/_router.ts(400,13): error TS2304: Cannot find name 'aiStudioConfigSchema'.
@kdx/api:dev: src/trpc/routers/app/ai-studio/_router.ts(401,13): error TS2304: Cannot find name 'aiStudioConfigSchema'.
@kdx/api:dev: src/trpc/routers/app/ai-studio/_router.ts(403,27): error TS2304: Cannot find name 'aiStudioConfigSchema'.
@kdx/api:dev: src/trpc/routers/app/ai-studio/_router.ts(439,66): error TS7031: Binding element 'ctx' implicitly has an 'any' type.
@kdx/api:dev: src/trpc/routers/app/ai-studio/_router.ts(460,24): error TS7031: Binding element 'ctx' implicitly has an 'any' type.
@kdx/api:dev: src/trpc/routers/app/ai-studio/_router.ts(460,29): error TS7031: Binding element 'input' implicitly has an 'any' type.
@kdx/api:dev: src/trpc/routers/app/ai-studio/_router.ts(461,27): error TS2551: Property 'upsertUserAppTeamConfig' does not exist on type 'typeof import("/Users/mahadevadas/Documents/Kodix/kodix-turbo/packages/db/src/repositories/app/appRepository")'. Did you mean 'upsertUserAppTeamConfigs'?
@kdx/api:dev: src/trpc/routers/app/installApp.handler.ts(46,43): error TS2345: Argument of type '"rglo4zodf341" | "1z50i9xblo4b" | "az1x2c3bv4n5" | "ai9x7m2k5p1s"' is not assignable to parameter of type 'KodixAppId'.
@kdx/api:dev:   Type '"ai9x7m2k5p1s"' is not assignable to type 'KodixAppId'.
@kdx/api:dev: src/trpc/routers/app/installApp.handler.ts(107,7): error TS2322: Type '"rglo4zodf341" | "1z50i9xblo4b" | "az1x2c3bv4n5" | "ai9x7m2k5p1s"' is not assignable to type 'KodixAppId'.
@kdx/api:dev:   Type '"ai9x7m2k5p1s"' is not assignable to type 'KodixAppId'.
@kdx/api:dev: ../db/src/repositories/app/appRepository.ts(210,53): error TS2339: Property 'ai_studio_app_789' does not exist on type '{ "1z50i9xblo4b": ZodObject<{ sendNotificationsForDelayedTasks: ZodOptional<ZodOptional<ZodBoolean>>; }, "strip", ZodTypeAny, { sendNotificationsForDelayedTasks?: boolean | undefined; }, { ...; }>; az1x2c3bv4n5: ZodObject<...>; }'.
@kdx/api:dev:  ELIFECYCLE  Command failed with exit code 2.
@kdx/api:dev: ERROR: command finished with error: command (/Users/mahadevadas/Documents/Kodix/kodix-turbo/packages/api) /Users/mahadevadas/.nvm/versions/node/v20.18.1/bin/pnpm run dev exited (2)
@kdx/api#dev: command (/Users/mahadevadas/Documents/Kodix/kodix-turbo/packages/api) /Users/mahadevadas/.nvm/versions/node/v20.18.1/bin/pnpm run dev exited (2)
@kdx/api:dev: cache bypass, force executing 6d2a066f06693eea
@kdx/api:dev: 
@kdx/api:dev: > @kdx/api@0.1.0 dev /Users/mahadevadas/Documents/Kodix/kodix-turbo/packages/api
@kdx/api:dev: > tsc
@kd@kdx/api:dev@kdx/api:dev: src/trpc/routers/app/ai-studio/_router.ts(9,25): error TS2300: Duplicate identifier 'aiStudioUserAppTeamConfigSchema'.
@kdx/api:dev: src/trpc/routers/app/ai-studio/_router.ts(11,3): error TS2300: Duplicate identifier 'aiStudioUserAppTeamConfigSchema'.
@kdx/api:dev: src/trpc/routers/app/ai-studio/_router.ts(11,3): error TS2305: Module '"@kdx/validators/trpc/app"' has no exported member 'aiStudioUserAppTeamConfigSchema'.
@kdx/api:dev: src/trpc/routers/app/ai-studio/_router.ts(36,34): error TS2307: Cannot find module '../../../../internal/services/appConfig.service' or its corresponding type declarations.
@kdx/api:dev: src/trpc/routers/app/ai-studio/_router.ts(37,44): error TS2307: Cannot find module '../../trpc' or its corresponding type declarations.
@kdx/api:dev: src/trpc/routers/app/ai-studio/_router.ts(45,8): error TS2307: Cannot find module './team-instructions' or its corresponding type declarations.
@kdx/api:dev: src/trpc/routers/app/ai-studio/_router.ts(68,24): error TS7031: Binding element 'input' implicitly has an 'any' type.
@kdx/api:dev: src/trpc/routers/app/ai-studio/_router.ts(68,31): error TS7031: Binding element 'ctx' implicitly has an 'any' type.
@kdx/api:dev: src/trpc/routers/app/ai-studio/_router.ts(92,21): error TS7031: Binding element 'input' implicitly has an 'any' type.
@kdx/api:dev: src/trpc/routers/app/ai-studio/_router.ts(92,28): error TS7031: Binding element 'ctx' implicitly has an 'any' type.
@kdx/api:dev: src/trpc/routers/app/ai-studio/_router.ts(127,21): error TS7031: Binding element 'input' implicitly has an 'any' type.
@kdx/api:dev: src/trpc/routers/app/ai-studio/_router.ts(127,28): error TS7031: Binding element 'ctx' implicitly has an 'any' type.
@kdx/api:dev: src/trpc/routers/app/ai-studio/_router.ts(158,24): error TS7031: Binding element 'input' implicitly has an 'any' type.
@kdx/api:dev: src/trpc/routers/app/ai-studio/_router.ts(158,31): error TS7031: Binding element 'ctx' implicitly has an 'any' type.
@kdx/api:dev: src/trpc/routers/app/ai-studio/_router.ts(186,24): error TS7031: Binding element 'input' implicitly has an 'any' type.
@kdx/api:dev: src/trpc/routers/app/ai-studio/_router.ts(186,31): error TS7031: Binding element 'ctx' implicitly has an 'any' type.
@kdx/api:dev: src/trpc/routers/app/ai-studio/_router.ts(225,58): error TS7031: Binding element 'ctx' implicitly has an 'any' type.
@kdx/api:dev: src/trpc/routers/app/ai-studio/_router.ts(241,24): error TS7031: Binding element 'ctx' implicitly has an 'any' type.
@kdx/api:dev: src/trpc/routers/app/ai-studio/_router.ts(241,29): error TS7031: Binding element 'input' implicitly has an 'any' type.
@kdx/api:dev: src/trpc/routers/app/ai-studio/_router.ts(259,24): error TS7031: Binding element 'ctx' implicitly has an 'any' type.
@kdx/api:dev: src/trpc/routers/app/ai-studio/_router.ts(259,29): error TS7031: Binding element 'input' implicitly has an 'any' type.
@kdx/api:dev: src/trpc/routers/app/ai-studio/_router.ts(277,24): error TS7031: Binding element 'ctx' implicitly has an 'any' type.
@kdx/api:dev: src/trpc/routers/app/ai-studio/_router.ts(277,29): error TS7031: Binding element 'input' implicitly has an 'any' type.
@kdx/api:dev: src/trpc/routers/app/ai-studio/_router.ts(302,24): error TS7031: Binding element 'ctx' implicitly has an 'any' type.
@kdx/api:dev: src/trpc/routers/app/ai-studio/_router.ts(302,29): error TS7031: Binding element 'input' implicitly has an 'any' type.
@kdx/api:dev: src/trpc/routers/app/ai-studio/_router.ts(320,24): error TS7031: Binding element 'ctx' implicitly has an 'any' type.
@kdx/api:dev: src/trpc/routers/app/ai-studio/_router.ts(320,29): error TS7031: Binding element 'input' implicitly has an 'any' type.
@kdx/api:dev: src/trpc/routers/app/ai-studio/_router.ts(335,54): error TS7031: Binding element 'ctx' implicitly has an 'any' type.
@kdx/api:dev: src/trpc/routers/app/ai-studio/_router.ts(353,58): error TS7031: Binding element 'ctx' implicitly has an 'any' type.
@kdx/api:dev: src/trpc/routers/app/ai-studio/_router.ts(368,16): error TS2304: Cannot find name 'aiStudioConfigSchema'.
@kdx/api:dev: src/trpc/routers/app/ai-studio/_router.ts(371,14): error TS2304: Cannot find name 'aiStudioConfigSchema'.
@kdx/api:dev: src/trpc/routers/app/ai-studio/_router.ts(383,16): error TS7006: Parameter 'opts' implicitly has an 'any' type.
@kdx/api:dev: src/trpc/routers/app/ai-studio/_router.ts(386,66): error TS7031: Binding element 'ctx' implicitly has an 'any' type.
@kdx/api:dev: src/trpc/routers/app/ai-studio/_router.ts(406,24): error TS7031: Binding element 'ctx' implicitly has an 'any' type.
@kdx/api:dev: src/trpc/routers/app/ai-studio/_router.ts(406,29): error TS7031: Binding element 'input' implicitly has an 'any' type.
@kdx/api:dev: src/trpc/routers/app/ai-studio/_router.ts(407,27): error TS2551: Property 'upsertUserAppTeamConfig' does not exist on type 'typeof import("/Users/mahadevadas/Documents/Kodix/kodix-turbo/packages/db/src/repositories/app/appRepository")'. Did you mean 'upsertUserAppTeamConfigs'?
@kdx/api:dev: src/trpc/routers/app/installApp.handler.ts(46,43): error TS2345: Argument of type '"rglo4zodf341" | "1z50i9xblo4b" | "az1x2c3bv4n5" | "ai9x7m2k5p1s"' is not assignable to parameter of type 'KodixAppId'.
@kdx/api:dev:   Type '"ai9x7m2k5p1s"' is not assignable to type 'KodixAppId'.
@kdx/api:dev: src/trpc/routers/app/installApp.handler.ts(107,7): error TS2322: Type '"rglo4zodf341" | "1z50i9xblo4b" | "az1x2c3bv4n5" | "ai9x7m2k5p1s"' is not assignable to type 'KodixAppId'.
@kdx/api:dev:   Type '"ai9x7m2k5p1s"' is not assignable to type 'KodixAppId'.
@kdx/api:dev: ../db/src/repositories/app/appRepository.ts(210,53): error TS2339: Property 'ai_studio_app_789' does not exist on type '{ "1z50i9xblo4b": ZodObject<{ sendNotificationsForDelayedTasks: ZodOptional<ZodOptional<ZodBoolean>>; }, "strip", ZodTypeAny, { sendNotificationsForDelayedTasks?: boolean | undefined; }, { ...; }>; az1x2c3bv4n5: ZodObject<...>; }'.
@kdx/api:dev:  ELIFECYCLE  Command failed with exit code 2.
@kdx/api:dev: ERROR: command finished with error: command (/Users/mahadevadas/Documents/Kodix/kodix-turbo/packages/api) /Users/mahadevadas/.nvm/versions/node/v20.18.1/bin/pnpm run dev exited (2)
@kdx/api#dev: command (/Users/mahadevadas/Documents/Kodix/kodix-turbo/packages/api) /Users/mahadevadas/.nvm/versions/node/v20.18.1/bin/pnpm run dev exited (2)
@kdx/api:dev: cache bypass, force executing 867e30d73f5e8531
@kdx/api:dev: 
@kdx/api:dev: > @kdx/api@0.1.0 dev /Users/mahadevadas/Documents/Kodix/kodix-turbo/packages/api
@kdx/api:dev: > tsc
@kd@kdx/api:dev@kdx/api:dev: src/trpc/routers/app/ai-studio/_router.ts(9,25): error TS2300: Duplicate identifier 'aiStudioUserAppTeamConfigSchema'.
@kdx/api:dev: src/trpc/routers/app/ai-studio/_router.ts(11,3): error TS2300: Duplicate identifier 'aiStudioUserAppTeamConfigSchema'.
@kdx/api:dev: src/trpc/routers/app/ai-studio/_router.ts(11,3): error TS2305: Module '"@kdx/validators/trpc/app"' has no exported member 'aiStudioUserAppTeamConfigSchema'.
@kdx/api:dev: src/trpc/routers/app/ai-studio/_router.ts(36,34): error TS2307: Cannot find module '../../../../internal/services/appC@kdx/api:dev: src/trpc/routers/app/ai-studio/_router.ts(9,25): error TS2300: Duplicate identifier 'aiStudioUserAppTeamConfigSchema'.
@kdx/api:dev: src/trpc/routers/app/ai-studio/_router.ts(11,3): error TS2300: Duplicate identifier 'aiStudioUserAppTeamConfigSchema'.
@kdx/api:dev: src/trpc/routers/app/ai-studio/_router.ts(11,3): error TS2305: Module '"@kdx/validators/trpc/app"' has no exported member 'aiStudioUserAppTeamConfigSchema'.
@kdx/api:dev: src/trpc/routers/app/ai-studio/_router.ts(36,34): error TS2307: Cannot find module '../../../../internal/services/appConfig.service' or its corresponding type declarations.
@kdx/api:dev: src/trpc/routers/app/ai-studio/_router.ts(37,44): error TS2307: Cannot find module '../../trpc' or its corresponding type declarations.
@kdx/api:dev: src/trpc/routers/app/ai-studio/_router.ts(45,8): error TS2307: Cannot find module './team-instructions' or its corresponding type declarations.
@kdx/api:dev: src/trpc/routers/app/ai-studio/_router.ts(68,24): error TS7031: Binding element 'input' implicitly has an 'any' type.
@kdx/api:dev: src/trpc/routers/app/ai-studio/_router.ts(68,31): error TS7031: Binding element 'ctx' implicitly has an 'any' type.
@kdx/api:dev: src/trpc/routers/app/ai-studio/_router.ts(92,21): error TS7031: Binding element 'input' implicitly has an 'any' type.
@kdx/api:dev: src/trpc/routers/app/ai-studio/_router.ts(92,28): error TS7031: Binding element 'ctx' implicitly has an 'any' type.
@kdx/api:dev: src/trpc/routers/app/ai-studio/_router.ts(127,21): error TS7031: Binding element 'input' implicitly has an 'any' type.
@kdx/api:dev: src/trpc/routers/app/ai-studio/_router.ts(127,28): error TS7031: Binding element 'ctx' implicitly has an 'any' type.
@kdx/api:dev: src/trpc/routers/app/ai-studio/_router.ts(158,24): error TS7031: Binding element 'input' implicitly has an 'any' type.
@kdx/api:dev: src/trpc/routers/app/ai-studio/_router.ts(158,31): error TS7031: Binding element 'ctx' implicitly has an 'any' type.
@kdx/api:dev: src/trpc/routers/app/ai-studio/_router.ts(186,24): error TS7031: Binding element 'input' implicitly has an 'any' type.
@kdx/api:dev: src/trpc/routers/app/ai-studio/_router.ts(186,31): error TS7031: Binding element 'ctx' implicitly has an 'any' type.
@kdx/api:dev: src/trpc/routers/app/ai-studio/_router.ts(225,58): error TS7031: Binding element 'ctx' implicitly has an 'any' type.
@kdx/api:dev: src/trpc/routers/app/ai-studio/_router.ts(241,24): error TS7031: Binding element 'ctx' implicitly has an 'any' type.
@kdx/api:dev: src/trpc/routers/app/ai-studio/_router.ts(241,29): error TS7031: Binding element 'input' implicitly has an 'any' type.
@kdx/api:dev: src/trpc/routers/app/ai-studio/_router.ts(259,24): error TS7031: Binding element 'ctx' implicitly has an 'any' type.
@kdx/api:dev: src/trpc/routers/app/ai-studio/_router.ts(259,29): error TS7031: Binding element 'input' implicitly has an 'any' type.
@kdx/api:dev: src/trpc/routers/app/ai-studio/_router.ts(277,24): error TS7031: Binding element 'ctx' implicitly has an 'any' type.
@kdx/api:dev: src/trpc/routers/app/ai-studio/_router.ts(277,29): error TS7031: Binding element 'input' implicitly has an 'any' type.
@kdx/api:dev: src/trpc/routers/app/ai-studio/_router.ts(302,24): error TS7031: Binding element 'ctx' implicitly has an 'any' type.
@kdx/api:dev: src/trpc/routers/app/ai-studio/_router.ts(302,29): error TS7031: Binding element 'input' implicitly has an 'any' type.
@kdx/api:dev: src/trpc/routers/app/ai-studio/_router.ts(320,24): error TS7031: Binding element 'ctx' implicitly has an 'any' type.
@kdx/api:dev: src/trpc/routers/app/ai-studio/_router.ts(320,29): error TS7031: Binding element 'input' implicitly has an 'any' type.
@kdx/api:dev: src/trpc/routers/app/ai-studio/_router.ts(335,54): error TS7031: Binding element 'ctx' implicitly has an 'any' type.
@kdx/api:dev: src/trpc/routers/app/ai-studio/_router.ts(353,58): error TS7031: Binding element 'ctx' implicitly has an 'any' type.
@kdx/api:dev: src/trpc/routers/app/ai-studio/_router.ts(368,16): error TS2304: Cannot find name 'aiStudioConfigSchema'.
@kdx/api:dev: src/trpc/routers/app/ai-studio/_router.ts(371,14): error TS2304: Cannot find name 'aiStudioConfigSchema'.
@kdx/api:dev: src/trpc/routers/app/ai-studio/_router.ts(383,16): error TS7006: Parameter 'opts' implicitly has an 'any' type.
@kdx/api:dev: src/trpc/routers/app/ai-studio/_router.ts(386,66): error TS7031: Binding element 'ctx' implicitly has an 'any' type.
@kdx/api:dev: src/trpc/routers/app/ai-studio/_router.ts(406,24): error TS7031: Binding element 'ctx' implicitly has an 'any' type.
@kdx/api:dev: src/trpc/routers/app/ai-studio/_router.ts(406,29): error TS7031: Binding element 'input' implicitly has an 'any' type.
@kdx/api:dev: src/trpc/routers/app/ai-studio/_router.ts(407,27): error TS2551: Property 'upsertUserAppTeamConfig' does not exist on type 'typeof import("/Users/mahadevadas/Documents/Kodix/kodix-turbo/packages/db/src/repositories/app/appRepository")'. Did you mean 'upsertUserAppTeamConfigs'?
@kdx/api:dev: src/trpc/routers/app/installApp.handler.ts(46,43): error TS2345: Argument of type '"rglo4zodf341" | "1z50i9xblo4b" | "az1x2c3bv4n5" | "ai9x7m2k5p1s"' is not assignable to parameter of type 'KodixAppId'.
@kdx/api:dev:   Type '"ai9x7m2k5p1s"' is not assignable to type 'KodixAppId'.
@kdx/api:dev: src/trpc/routers/app/installApp.handler.ts(107,7): error TS2322: Type '"rglo4zodf341" | "1z50i9xblo4b" | "az1x2c3bv4n@kdx/api:dev: ERROR: command finished with error: command (/Users/mahadevadas/Documents/Kodix/kodix-turbo/packages/api) /Users/mahadevadas/.nvm/versions/node/v20.18.1/bin/pnpm run dev exited (2)
@kdx/api#dev: command (/Users/mahadevadas/Documents/Kodix/kodix-turbo/packages/api) /Users/mahadevadas/.nvm/versions/node/v20.18.1/bin/pnpm run dev exited (2)
@kdx/api:dev: cache bypass, force executing 320f86b5632ea0a8
@kdx/api:dev: 
@kdx/api:dev: > @kdx/api@0.1.0 dev /Users/mahadevadas/Documents/Kodix/kodix-turbo/packages/api
@kdx/api:dev: > tsc
@kdx/api:dev: 
@kdx/api:dev: src/trpc/routers/app/ai-studio/_router.ts(14,44): error TS2307: Cannot find module '../../trpc' or its corresponding type declarations.
@kdx/api:dev: src/trpc/routers/app/ai-studio/_router.ts(28,58): error TS7031: Binding element 'ctx' implicitly has an 'any' type.
@kdx/api:dev: src/trpc/routers/app/ai-studio/_router.ts(44,58): error TS7031: Binding element 'ctx' implicitly has an 'any' type.
@kdx/api:dev: src/trpc/routers/app/ai-studio/_router.ts(78,24): error TS7031: Binding element 'ctx' implicitly has an 'any' type.
@kdx/api:dev: src/trpc/routers/app/ai-studio/_router.ts(78,29): error TS7031: Binding element 'input' implicitly has an 'any' type.
@kdx/api:dev: src/trpc/routers/app/ai-studio/_router.ts(106,66): error TS7031: Binding element 'ctx' implicitly has an 'any' type.
@kdx/api:dev: src/trpc/routers/app/ai-studio/_router.ts(126,24): error TS7031: Binding element 'ctx' implicitly has an 'any' type.
@kdx/api:dev: src/trpc/routers/app/ai-studio/_router.ts(126,29): error TS7031: Binding element 'input' implicitly has an 'any' type.
@kdx/api:dev: src/trpc/routers/app/ai-studio/_router.ts(145,27): error TS2551: Property 'upsertUserAppTeamConfig' does not exist on type 'typeof import("/Users/mahadevadas/Documents/Kodix/kodix-turbo/packages/db/src/repositories/app/appRepository")'. Did you mean 'upsertUserAppTeamConfigs'?
@kdx/api:dev: src/trpc/routers/app/installApp.handler.ts(46,43): error TS2345: Argument of type '"rglo4zodf341" | "1z50i9xblo4b" | "az1x2c3bv4n5" | "ai9x7m2k5p1s"' is not assignable to parameter of type 'KodixAppId'.
@kdx/api:dev:   Type '"ai9x7m2k5p1s"' is not assignable to type 'KodixAppId'.
@kdx/api:dev: src/trpc/routers/app/installApp.handler.ts(107,7): error TS2322: Type '"rglo4zodf341" | "1z50i9xblo4b" | "az1x2c3bv4n5" | "ai9x7m2k5p1s"' is not assignable to type 'KodixAppId'.
@kdx/api:dev:   Type '"ai9x7m2k5p1s"' is not assignable to type 'KodixAppId'.
@kdx/api:dev: ../db/src/repositories/app/appRepository.ts(210,53): error TS2339: Property 'ai_studio_app_789' does not exist on type '{ "1z50i9xblo4b": ZodObject<{ sendNotificationsForDelayedTasks: ZodOptional<ZodOptional<ZodBoolean>>; }, "strip", ZodTypeAny, { sendNotificationsForDelayedTasks?: boolean | undefined; }, { ...; }>; az1x2c3bv4n5: ZodObject<...>; }'.
@kdx/api:dev:  ELIFECYCLE  Command failed with exit code 2.
@kdx/api:dev: ERROR: command finished with error: command (/Users/mahadevadas/Documents/Kodix/kodix-turbo/packages/api) /Users/mahadevadas/.nvm/versions/node/v20.18.1/bin/pnpm run dev exited (2)
@kdx/api#dev: command (/Users/mahadevadas/Documents/Kodix/kodix-turbo/packages/api) /Users/mahadevadas/.nvm/versions/node/v20.18.1/bin/pnpm run dev exited (2)
@kdx/shared:dev: cache bypass, force executing afb89322bed834cd
@kdx/shared:dev: 
@kdx/shared:dev: > @kdx/shared@0.1.0 dev /Users/mahadevadas/Documents/Kodix/kodix-turbo/packages/shared
@kdx/shared:dev: > tsc
@kdx/shared:dev: 
@kdx/api:dev: cache bypass, force executing 9da429b72d69acef
@kdx/api:dev: 
@kdx/api:dev: > @kdx/api@0.1.0 dev /Users/mahadevadas/Documents/Kodix/kodix-turbo/packages/api
@kdx/api:dev: > tsc
@kdx/api:dev: 
: 
@kdx/api:dev: > @kdx/api@0.1.0 dev /Users/mahadevadas/Documents/Kodix/kodix-turbo/packages/api
@kdx/api:dev: > tsc
@kdx/api:dev: 
2)
@kdx/shared:dev: cache bypass, force executing afb89322bed834cd
@kdx/shared:dev: 
@kdx/shared:dev: > @kdx/shared@0.1.0 dev /Users/mahadevadas/Documents/Kodix/kodix-turbo/packages/shared
@kdx/shared:dev: > tsc
@kdx/shared:dev: 
@kdx/api:dev: cache bypass, force executing 9da429b72d69acef
@kdx/api:dev: 
@kdx/api:dev: > @kdx/api@0.1.0 dev /Users/mahadevadas/Documents/Kodix/kodix-turbo/packages/api
@kdx/api:dev: > tsc
@kdx/api:dev: 
o/_router.ts(407,27): error TS2551: Property 'upsertUserAppTeamConfig' does not exist on type 'typeof import("/Users/mahadevadas/Documents/Kodix/kodix-turbo/packages/db/src/repositories/app/appRepository")'. Did you mean 'upsertUserAppTeamConfigs'?
@kdx/api:dev: src/trpc/routers/app/installApp.handler.ts(46,43): error TS2345: Argument of type '"rglo4zodf341" | "1z50i9xblo4b" | "az1x2c3bv4n5" | "ai9x7m2k5p1s"' is not assignable to parameter of type 'KodixAppId'.
@kdx/api:dev:   Type '"ai9x7m2k5p1s"' is not assignable to type 'KodixAppId'.
@kdx/api:dev: src/trpc/routers/app/installApp.handler.ts(107,7): error TS2322: Type '"rglo4zodf341" | "1z50i9xblo4b" | "az1x2c3bv4n5" | "ai9x7m2k5p1s"' is not assignable to type 'KodixAppId'.
@kdx/api:dev:   Type '"ai9x7m2k5p1s"' is not assignable to type 'KodixAppId'.
@kdx/api:dev: ../db/src/repositories/app/appRepository.ts(210,53): error TS2339: Property 'ai_studio_app_789' does not exist on type '{ "1z50i9xblo4b": ZodObject<{ sendNotificationsForDelayedTasks: ZodOptional<ZodOptional<ZodBoolean>>; }, "strip", ZodTypeAny, { sendNotificationsForDelayedTasks?: boolean | undefined; }, { ...; }>; az1x2c3bv4n5: ZodObject<...>; }'.
@kdx/api:dev:  ELIFECYCLE  Command failed with exit code 2.
@kdx/api:dev: ERROR: command finished with error: command (/Users/mahadevadas/Documents/Kodix/kodix-turbo/packages/api) /Users/mahadevadas/.nvm/versions/node/v20.18.1/bin/pnpm run dev exited (2)
@kdx/api#dev: command (/Users/mahadevadas/Documents/Kodix/kodix-turbo/packages/api) /Users/mahadevadas/.nvm/versions/node/v20.18.1/bin/pnpm run dev exited (2)
@kdx/api:dev: cache bypass, force executing 320f86b5632ea0a8
@kdx/api:dev: 
@kdx/api:dev: > @kdx/api@0.1.0 dev /Users/mahadevadas/Documents/Kodix/kodix-turbo/packages/api
@kdx/api:dev: > tsc
@kdx/api:dev: 
@kdx/api:dev: src/trpc/routers/app/ai-studio/_router.ts(14,44): error TS2307: Cannot find module '../../trpc' or its corresponding type declarations.
@kdx/api:dev: src/trpc/routers/app/ai-studio/_router.ts(28,58): error TS7031: Binding element 'ctx' implicitly has an 'any' type.
@kdx/api:dev: src/trpc/routers/app/ai-studio/_router.ts(44,58): error TS7031: Binding element 'ctx' implicitly has an 'any' type.
@kdx/api:dev: src/trpc/routers/app/ai-studio/_router.ts(78,24): error TS7031: Binding element 'ctx' implicitly has an 'any' type.
@kdx/api:dev: src/trpc/routers/app/ai-studio/_router.ts(78,29): error TS7031: Binding element 'input' implicitly has an 'any' type.
@kdx/api:dev: src/trpc/routers/app/ai-studio/_router.ts(106,66): error TS7031: Binding element 'ctx' implicitly has an 'any' type.
@kdx/api:dev: src/trpc/routers/app/ai-studio/_router.ts(126,24): error TS7031: Binding element 'ctx' implicitly has an 'any' type.
@kdx/api:dev: src/trpc/routers/app/ai-studio/_router.ts(126,29): error TS7031: Binding element 'input' implicitly has an 'any' type.
@kdx/api:dev: src/trpc/routers/app/ai-studio/_router.ts(145,27): error TS2551: Property 'upsertUserAppTeamConfig' does not exist on type 'typeof import("/Users/mahadevadas/Documents/Kodix/kodix-turbo/packages/db/src/repositories/app/appRepository")'. Did you mean 'upsertUserAppTeamConfigs'?
@kdx/api:dev: src/trpc/routers/app/installApp.handler.ts(46,43): error TS2345: Argument of type '"rglo4zodf341" | "1z50i9xblo4b" | "az1x2c3bv4n5" | "ai9x7m2k5p1s"' is not assignable to parameter of type 'KodixAppId'.
@kdx/api:dev:   Type '"ai9x7m2k5p1s"' is not assignable to type 'KodixAppId'.
@kdx/api:dev: src/trpc/routers/app/installApp.handler.ts(107,7): error TS2322: Type '"rglo4zodf341" | "1z50i9xblo4b" | "az1x2c3bv4n5" | "ai9x7m2k5p1s"' is not assignable to type 'KodixAppId'.
@kdx/api:dev:   Type '"ai9x7m2k5p1s"' is not assignable to type 'KodixAppId'.
@kdx/api:dev: ../db/src/repositories/app/appRepository.ts(210,53): error TS2339: Property 'ai_studio_app_789' does not exist on type '{ "1z50i9xblo4b": ZodObject<{ sendNotificationsForDelayedTasks: ZodOptional<ZodOptional<ZodBoolean>>; }, "strip", ZodTypeAny, { sendNotificationsForDelayedTasks?: boolean | undefined; }, { ...; }>; az1x2c3bv4n5: ZodObject<...>; }'.
@kdx/api:dev:  ELIFECYCLE  Command failed with exit code 2.
@kdx/api:dev: ERROR: command finished with error: command (/Users/mahadevadas/Documents/Kodix/kodix-turbo/packages/api) /Users/mahadevadas/.nvm/versions/node/v20.18.1/bin/pnpm run dev exited (2)
@kdx/api#dev: command (/Users/mahadevadas/Documents/Kodix/kodix-turbo/packages/api) /Users/mahadevadas/.nvm/versions/node/v20.18.1/bin/pnpm run dev exited (2)
@kdx/shared:dev: cache bypass, force executing afb89322bed834cd
@kdx/shared:dev: 
@kdx/shared:dev: > @kdx/shared@0.1.0 dev /Users/mahadevadas/Documents/Kodix/kodix-turbo/packages/shared
@kdx/shared:dev: > tsc
@kdx/shared:dev: 
@kdx/api:dev: cache bypass, force executing 9da429b72d69acef
@kdx/api:dev: 
@kdx/api:dev: > @kdx/api@0.1.0 dev /Users/mahadevadas/Documents/Kodix/kodix-turbo/packages/api
@kdx/api:dev: > tsc
@kdx/api:dev: 
s/app/ai-studio/_router.ts(277,29): error TS7031: Binding element 'input' implicitly has an 'any' type.
@kdx/api:dev: src/trpc/routers/app/ai-studio/_router.ts(302,24): error TS7031: Binding element 'ctx' implicitly has an 'any' type.
@kdx/api:dev: src/trpc/routers/app/ai-studio/_router.ts(302,29): error TS7031: Binding element 'input' implicitly has an 'any' type.
@kdx/api:dev: src/trpc/routers/app/ai-studio/_router.ts(320,24): error TS7031: Binding element 'ctx' implicitly has an 'any' type.
@kdx/api:dev: src/trpc/routers/app/ai-studio/_router.ts(320,29): error TS7031: Binding element 'input' implicitly has an 'any' type.
@kdx/api:dev: src/trpc/routers/app/ai-studio/_router.ts(335,54): error TS7031: Binding element 'ctx' implicitly has an 'any' type.
@kdx/api:dev: src/trpc/routers/app/ai-studio/_router.ts(353,58): error TS7031: Binding element 'ctx' implicitly has an 'any' type.
@kdx/api:dev: src/trpc/routers/app/ai-studio/_router.ts(368,16): error TS2304: Cannot find name 'aiStudioConfigSchema'.
@kdx/api:dev: src/trpc/routers/app/ai-studio/_router.ts(371,14): error TS2304: Cannot find name 'aiStudioConfigSchema'.
@kdx/api:dev: src/trpc/routers/app/ai-studio/_router.ts(383,16): error TS7006: Parameter 'opts' implicitly has an 'any' type.
@kdx/api:dev: src/trpc/routers/app/ai-studio/_router.ts(386,66): error TS7031: Binding element 'ctx' implicitly has an 'any' type.
@kdx/api:dev: src/trpc/routers/app/ai-studio/_router.ts(406,24): error TS7031: Binding element 'ctx' implicitly has an 'any' type.
@kdx/api:dev: src/trpc/routers/app/ai-studio/_router.ts(406,29): error TS7031: Binding element 'input' implicitly has an 'any' type.
@kdx/api:dev: src/trpc/router@kdx/api:dev: cache bypass, force executing 320f86b5632ea0a8
@kdx/api:dev: 
@kdx/api:dev: > @kdx/api@0.1.0 dev /Users/mahadevadas/Documents/Kodix/kodix-turbo/packages/api
@kdx/api:dev: > tsc
@kdx/api:dev: 
@kdx/api:dev: src/trpc/routers/app/ai-studio/_router.ts(14,44): error TS2307: Cannot find module '../../trpc' or its corresponding type declarations.
@kdx/api:dev: src/trpc/routers/app/ai-studio/_router.ts(28,58): error TS7031: Binding element 'ctx' implicitly has an 'any' type.
@kdx/api:dev: src/trpc/routers/app/ai-studio/_router.ts(44,58): error TS7031: Binding element 'ctx' implicitly has an 'any' type.
@kdx/api:dev: src/trpc/routers/app/ai-studio/_router.ts(78,24): error TS7031: Binding element 'ctx' implicitly has an 'any' type.
@kdx/api:dev: src/trpc/routers/app/ai-studio/_router.ts(78,29): error TS7031: Binding element 'input' implicitly has an 'any' type.
@kdx/api:dev: src/trpc/routers/app/ai-studio/_router.ts(106,66): error TS7031: Binding element 'ctx' implicitly has an 'any' type.
@kdx/api:dev: src/trpc/routers/app/ai-studio/_router.ts(126,24): error TS7031: Binding element 'ctx' implicitly has an 'any' type.
@kdx/api:dev: src/trpc/routers/app/ai-studio/_router.ts(126,29): error TS7031: Binding element 'input' implicitly has an 'any' type.
@kdx/api:dev: src/trpc/routers/app/ai-studio/_router.ts(145,27): error TS2551: Property 'upsertUserAppTeamConfig' does not exist on type 'typeof import("/Users/mahadevadas/Documents/Kodix/kodix-turbo/packages/db/src/repositories/app/appRepository")'. Did you mean 'upsertUserAppTeamConfigs'?
@kdx/api:dev: src/trpc/routers/app/installApp.handler.ts(46,43): error TS2345: Argument of type '"rglo4zodf341" | "1z50i9xblo4b" | "az1x2c3bv4n5" | "ai9x7m2k5p1s"' is not assignable to parameter of type 'KodixAppId'.
@kdx/api:dev:   Type '"ai9x7m2k5p1s"@kdx/api:dev: src/trpc/routers/app/ai-studio/_router.ts(14,44): error TS2307: Cannot find module '../../trpc' or its corresponding type declarations.
@kdx/api:dev: src/trpc/routers/app/ai-studio/_router.ts(28,58): error TS7031: Binding element 'ctx' implicitly has an 'any' type.
@kdx/api:dev: src/trpc/routers/app/ai-studio/_router.ts(44,58): error TS7031: Binding element 'ctx' implicitly has an 'any' type.
@kdx/api:dev: src/trpc/routers/app/ai-studio/_router.ts(78,24): error TS7031: Binding element 'ctx' implicitly has an 'any' type.
@kdx/api:dev: src/trpc/routers/app/ai-studio/_router.ts(78,29): error TS7031: Binding element 'input' implicitly has an 'any' type.
@kdx/api:dev: src/trpc/routers/app/ai-studio/_router.ts(106,66): error@kdx/api:dev: ERROR: command finished with error: command (/Users/mahadevadas/Documents/Kodix/kodix-turbo/packages/api) /Users/mahadevadas/.nvm/versions/node/v20.18.1/bin/pnpm run dev exited (2)
@kdx/api#dev: command (/Users/mahadevadas/Documents/Kodix/kodix-turbo/packages/api) /Users/mahadevadas/.nvm/versions/node/v20.18.1/bin/pnpm run dev exited (2)
@kdx/shared:dev: cache bypass, force executing afb89322bed834cd
@kdx/shared:dev: 
@kdx/shared:dev: > @kdx/shared@0.1.0 dev /Users/mahadevadas/Documents/Kodix/kodix-turbo/packages/shared
@kdx/shared:dev: > tsc
@kdx/shared:dev: 
@kdx/api:dev: cache bypass, force executing 9da429b72d69acef
@kdx/api:dev: 
@kdx/api:dev: > @kdx/api@0.1.0 dev /Users/mahadevadas/Documents/Kodix/kodix-turbo/packages/api
@kdx/api:dev: > tsc
@kdx/api:dev: 
 assignable to parameter of type 'KodixAppId'.
@kdx/api:dev:   Type '"ai9x7m2k5p1s"' is not assignable to type 'KodixAppId'.
@kdx/api:dev: src/trpc/routers/app/installApp.handler.ts(107,7): error TS2322: Type '"rglo4zodf341" | "1z50i9xblo4b" | "az1x2c3bv4n5" | "ai9x7m2k5p1s"' is not assignable to type 'KodixAppId'.
@kdx/api:dev:   Type '"ai9x7m2k5p1s"' is not assignable to type 'KodixAppId'.
@kdx/api:dev: ../db/src/repositories/app/appRepository.ts(210,53): error TS2339: Property 'ai_studio_app_789' does not exist on type '{ "1z50i9xblo4b": ZodObject<{ sendNotificationsForDelayedTasks: ZodOptional<ZodOptional<ZodBoolean>>; }, "strip", ZodTypeAny, { sendNotificationsForDelayedTasks?: boolean | undefined; }, { ...; }>; az1x2c3bv4n5: ZodObject<...>; }'.
@kdx/api:dev:  ELIFECYCLE  Command failed with exit code 2.
@kdx/api:dev: ERROR: command finished with error: comma@kdx/shared:dev: cache bypass, force executing afb89322bed834cd
@kdx/shared:dev: 
@kdx/shared:dev: > @kdx/shared@0.1.0 dev /Users/mahadevadas/Documents/Kodix/kodix-turbo/packages/shared
@kdx/shared:dev: > tsc
@kdx/shared:dev: 
@kdx/db:dev: cache bypass, force executing 6b174a21ea8c8956
@kdx/ui:dev: cache bypass, force executing c30a32a592c8961b
@kdx/db:dev: 
@kdx/db:dev: > @kdx/db@0.1.0 dev /Users/mahadevadas/Documents/Kodix/kodix-turbo/packages/db
@kdx/db:dev: > tsc
@kdx/db:dev: 
@kdx/ui:dev: 
@kdx/ui:dev: > @kdx/ui@0.1@kdx/api:dev: cache bypass, force executing 9da429b72d69acef
@kdx/api:dev: 
@kdx/api:dev: > @kdx/api@0.1.0 dev /Users/mahadevadas/Documents/Kodix/kodix-turbo/packages/api
@kdx/api:dev: > tsc
@kdx/api:dev: 
dev /Users/mahadevadas/Documents/Kodix/kodix-turbo/packages/api
@kdx/api:dev: > tsc
@kdx/api:dev: 
dev:dev:  Container kodix-db-serverless-redis-http-1  Stopping
@kdx/db-dev:dev:  Container kodix-db-redis-1  Stopped
@kdx/db#studio: command (/Users/mahadevadas/Documents/Kodix/kodix-turbo/packages/db) /Users/mahadevadas/.nvm/versions/node/v20.18.1/bin/pnpm run studio exited (137)
@kdx/shared:dev: cache bypass, force executing 6ae197b7d0449bbd
@kdx/shared:dev: 
@kdx/shared:dev: > @kdx/shared@0.1.0 dev /Users/mahadevadas/Documents/Kodix/kodix-turbo/packages/shared
@kdx/shared:dev: > tsc
@kdx/shared:dev: 
@kdx/db:dev: cache bypass, force executing 394534e3bc0fc2bc
@kdx/ui:dev: cache bypass, force executing 0ad35dc9b21b1def
@kdx/ui:dev: 
@kdx/ui:dev: > @kdx/ui@0.1.0 dev /Users/mahadevadas/Documents/Kodix/kodix-turbo/packages/ui
@kdx/ui:dev: > tsc
@kdx/ui:dev: 
@kdx/db:dev: 
@kdx/db:dev: > @kdx/db@0.1.0 dev /Users/mahadevadas/Documents/Kodix/kodix-turbo/packages/db
@kdx/db:dev: > tsc
@kdx/db:dev: 
@kdx/db:dev: src/repositories/app/appRepository.ts(210,53): error TS2339: Property 'ai_studio_app_789' does not exist on type '{ "1z50i9xblo4b": ZodObject<{ sendNotificationsForDelayedTasks: ZodOptional<ZodOptional<ZodBoolean>>; }, "strip", ZodTypeAny, { sendNotificationsForDelayedTasks?: boolean | undefined; }, { ...; }>; az1x2c3bv4n5: ZodObject<...>; }'.
@kdx/db:dev:  ELIFECYCLE  Command failed with exit code 2.
@kdx/db:dev: ERROR: command finished with error: command (/Users/mahadevadas/Documents/Kodix/kodix-turbo/packages/db) /Users/mahadevadas/.nvm/versions/node/v20.18.1/bin/pnpm run dev exited (2)
@kdx/db#dev: command (/Users/mahadevadas/Documents/Kodix/kodix-turbo/packages/db) /Users/mahadevadas/.nvm/versions/node/v20.18.1/bin/pnpm run dev exited (2)
@kdx/api:dev: cache bypass, force executing ab3dbb845531067d
@kdx/api:dev: 
@kdx/api:dev: > @kdx/api@0.1.0 dev /Users/mahadevadas/Documents/Kodix/kodix-turbo/packages/api
@kdx/api:dev: > tsc
@kdx/api:dev: 
@kdx/api:dev: src/trpc/routers/app/ai-studio/_router.ts(11,3): error TS2305: Module '"@kdx/validators/trpc/app"' has no exported member 'aiStudioUserAppTeamConfigSchema'.
@kdx/api:dev: src/trpc/routers/app/ai-studio/_router.ts(36,34): error TS2307: Cannot find module '../../../../internal/services/appConfig.service' or its corresponding type declarations.
@kdx/api:dev: src/trpc/routers/app/installApp.handler.ts(46,43): error TS2345: Argument of type '"rglo4zodf341" | "1z50i9xblo4b" | "az1x2c3bv4n5" | "ai9x7m2k5p1s"' is not assignable to parameter of type 'KodixAppId'.
@kdx/api:dev:   Type '"ai9x7m2k5p1s"' is not assignable to type 'KodixAppId'.
@kdx/api:dev: src/trpc/routers/app/installApp.handler.ts(107,7): error TS2322: Type '"rglo4zodf341" | "1z50i9xblo4b" | "az1x2c3bv4n5" | "ai9x7m2k5p1s"' is not assignable to type 'KodixAppId'.
@kdx/api:dev:   Type '"ai9x7m2k5p1s"' is not assignable to type 'KodixAppId'.
@kdx/api:dev: ../db/src/repositories/app/appRepository.ts(210,53): error TS2339: Property 'ai_studio_app_789' does not exist on type '{ "1z50i9xblo4b": ZodObject<{ sendNotificationsForDelayedTasks: ZodOptional<ZodOptional<ZodBoolean>>; }, "strip", ZodTypeAny, { sendNotificationsForDelayedTasks?: boolean | undefined; }, { ...; }>; az1x2c3bv4n5: ZodObject<...>; }'.
@kdx/api:dev:  ELIFECYCLE  Command failed with exit code 2.
@kdx/api:dev: ERROR: command finished with error: command (/Users/mahadevadas/Documents/Kodix/kodix-turbo/packages/api) /Users/mahadevadas/.nvm/versions/node/v20.18.1/bin/pnpm run dev exited (2)
@kdx/api#dev: command (/Users/mahadevadas/Documents/Kodix/kodix-turbo/packages/api) /Users/mahadevadas/.nvm/versions/node/v20.18.1/bin/pnpm run dev exited (2)
@kdx/api:dev: cache bypass, force executing 024d3c0ef39f4d3f
@kdx/api:dev: 
@kdx/api:dev: > @kdx/api@0.1.0 dev /Users/mahadevadas/Documents/Kodix/kodix-turbo/packages/api
@kdx/api:dev: > tsc
@kdx/api:dev: 
@kdx/api:dev: src/trpc/routers/app/ai-studio/_router.ts(9,31): error TS2307: Cannot find module '@kdx/shared/constants' or its corresponding type declarations.
@kdx/api:dev: src/trpc/routers/app/ai-studio/_router.ts(11,3): error TS2305: Module '"@kdx/validators/trpc/app"' has no exported member 'aiStudioUserAppTeamConfigSchema'.
@kdx/api:dev: src/trpc/routers/app/ai-studio/_router.ts(36,34): error TS2307: Cannot find module '../../../../internal/services/appConfig.service' or its corresponding type declarations.
@kdx/api:dev: src/trpc/routers/app/ai-studio/_router.ts(37,44): error TS2307: Cannot find module '../../trpc' or its corresponding type declarations.
@kdx/api:dev: src/trpc/routers/app/ai-studio/_router.ts(64,24): error TS7031: Binding element 'input' implicitly has an 'any' type.
@kdx/api:dev: src/trpc/routers/app/ai-studio/_router.ts(64,31): error TS7031: Binding element 'ctx' implicitly has an 'any' type.
@kdx/api:dev: src/trpc/routers/app/ai-studio/_router.ts(88,21): error TS7031: Binding element 'input' implicitly has an 'any' type.
@kdx/api:dev: src/trpc/routers/app/ai-studio/_router.ts(88,28): error TS7031: Binding element 'ctx' implicitly has an 'any' type.
@kdx/api:dev: src/trpc/routers/app/ai-studio/_router.ts(123,21): error TS7031: Binding element 'input' implicitly has an 'any' type.
@kdx/api:dev: src/trpc/routers/app/ai-studio/_router.ts(123,28): error TS7031: Binding element 'ctx' implicitly has an 'any' type.
@kdx/api:dev: src/trpc/routers/app/ai-studio/_router.ts(154,24): error TS7031: Binding element 'input' implicitly has an 'any' type.
@kdx/api:dev: src/trpc/routers/app/ai-studio/_router.ts(154,31): error TS7031: Binding element 'ctx' implicitly has an 'any' type.
@kdx/api:dev: src/trpc/routers/app/ai-studio/_router.ts(182,24): error TS7031: Binding element 'input' implicitly has an 'any' type.
@kdx/api:dev: src/trpc/routers/app/ai-studio/_router.ts(182,31): error TS7031: Binding element 'ctx' implicitly has an 'any' type.
@kdx/api:dev: src/trpc/routers/app/ai-studio/_router.ts(221,58): error TS7031: Binding element 'ctx' implicitly has an 'any' type.
@kdx/api:dev: src/trpc/routers/app/ai-studio/_router.ts(237,24): error TS7031: Binding element 'ctx' implicitly has an 'any' type.
@kdx/api:dev: src/trpc/routers/app/ai-studio/_router.ts(237,29): error TS7031: Binding element 'input' implicitly has an 'any' type.
@kdx/api:dev: src/trpc/routers/app/ai-studio/_router.ts(255,24): error TS7031: Binding element 'ctx' implicitly has an 'any' type.
@kdx/api:dev: src/trpc/routers/app/ai-studio/_router.ts(255,29): error TS7031: Binding element 'input' implicitly has an 'any' type.
@kdx/api:dev: src/trpc/routers/app/ai-studio/_router.ts(273,24): error TS7031: Binding element 'ctx' implicitly has an 'any' type.
@kdx/api:dev: src/trpc/routers/app/ai-studio/_router.ts(273,29): error TS7031: Binding element 'input' implicitly has an 'any' type.
@kdx/api:dev: src/trpc/routers/app/ai-studio/_router.ts(298,24): error TS7031: Binding element 'ctx' implicitly has an 'any' type.
@kdx/api:dev: src/trpc/routers/app/ai-studio/_router.ts(298,29): error TS7031: Binding element 'input' implicitly has an 'any' type.
@kdx/api:dev: src/trpc/routers/app/ai-studio/_router.ts(316,24): error TS7031: Binding element 'ctx' implicitly has an 'any' type.
@kdx/api:dev: src/trpc/routers/app/ai-studio/_router.ts(316,29): error TS7031: Binding element 'input' implicitly has an 'any' type.
@kdx/api:dev: src/trpc/routers/app/ai-studio/_router.ts(331,54): error TS7031: Binding element 'ctx' implicitly has an 'any' type.
@kdx/api:dev: src/trpc/routers/app/ai-studio/_router.ts(349,58): error TS7031: Binding element 'ctx' implicitly has an 'any' type.
@kdx/api:dev: src/trpc/routers/app/ai-studio/_router.ts(364,16): error TS2304: Cannot find name 'aiStudioConfigSchema'.
@kdx/api:dev: src/trpc/routers/app/ai-studio/_router.ts(367,14): error TS2304: Cannot find name 'aiStudioConfigSchema'.
@kdx/api:dev: src/trpc/routers/app/ai-studio/_router.ts(385,24): error TS7031: Binding element 'ctx' implicitly has an 'any' type.
@kdx/api:dev: src/trpc/routers/app/ai-studio/_router.ts(385,29): error TS7031: Binding element 'input' implicitly has an 'any' type.
@kdx/api:dev: src/trpc/routers/app/ai-studio/_router.ts(400,13): error TS2304: Cannot find name 'aiStudioConfigSchema'.
@kdx/api:dev: src/trpc/routers/app/ai-studio/_router.ts(401,13): error TS2304: Cannot find name 'aiStudioConfigSchema'.
@kdx/api:dev: src/trpc/routers/app/ai-studio/_router.ts(403,27): error TS2304: Cannot find name 'aiStudioConfigSchema'.
@kdx/api:dev: src/trpc/routers/app/ai-studio/_router.ts(439,66): error TS7031: Binding element 'ctx' implicitly has an 'any' type.
@kdx/api:dev: src/trpc/routers/app/ai-studio/_router.ts(460,24): error TS7031: Binding element 'ctx' implicitly has an 'any' type.
@kdx/api:dev: src/trpc/routers/app/ai-studio/_router.ts(460,29): error TS7031: Binding element 'input' implicitly has an 'any' type.
@kdx/api:dev: src/trpc/routers/app/ai-studio/_router.ts(461,27): error TS2551: Property 'upsertUserAppTeamConfig' does not exist on type 'typeof import("/Users/mahadevadas/Documents/Kodix/kodix-turbo/packages/db/src/repositories/app/appRepository")'. Did you mean 'upsertUserAppTeamConfigs'?
@kdx/api:dev: src/trpc/routers/app/installApp.handler.ts(46,43): error TS2345: Argument of type '"rglo4zodf341" | "1z50i9xblo4b" | "az1x2c3bv4n5" | "ai9x7m2k5p1s"' is not assignable to parameter of type 'KodixAppId'.
@kdx/api:dev:   Type '"ai9x7m2k5p1s"' is not assignable to type 'KodixAppId'.
@kdx/api:dev: src/trpc/routers/app/installApp.handler.ts(107,7): error TS2322: Type '"rglo4zodf341" | "1z50i9xblo4b" | "az1x2c3bv4n5" | "ai9x7m2k5p1s"' is not assignable to type 'KodixAppId'.
@kdx/api:dev:   Type '"ai9x7m2k5p1s"' is not assignable to type 'KodixAppId'.
@kdx/api:dev: ../db/src/repositories/app/appRepository.ts(210,53): error TS2339: Property 'ai_studio_app_789' does not exist on type '{ "1z50i9xblo4b": ZodObject<{ sendNotificationsForDelayedTasks: ZodOptional<ZodOptional<ZodBoolean>>; }, "strip", ZodTypeAny, { sendNotificationsForDelayedTasks?: boolean | undefined; }, { ...; }>; az1x2c3bv4n5: ZodObject<...>; }'.
@kdx/api:dev:  ELIFECYCLE  Command failed with exit code 2.
@kdx/api:dev: ERROR: command finished with error: command (/Users/mahadevadas/Documents/Kodix/kodix-turbo/packages/api) /Users/mahadevadas/.nvm/versions/node/v20.18.1/bin/pnpm run dev exited (2)
@kdx/api#dev: command (/Users/mahadevadas/Documents/Kodix/kodix-turbo/packages/api) /Users/mahadevadas/.nvm/versions/node/v20.18.1/bin/pnpm run dev exited (2)
@kdx/api:dev: cache bypass, force executing 6d2a066f06693eea
@kdx/api:dev: 
@kdx/api:dev: > @kdx/api@0.1.0 dev /Users/mahadevadas/Documents/Kodix/kodix-turbo/packages/api
@kdx/api:dev: > tsc
@kdx/api:dev: 
@kdx/api:dev: src/trpc/routers/app/ai-studio/_router.ts(9,25): error TS2300: Duplicate identifier 'aiStudioUserAppTeamConfigSchema'.
@kdx/api:dev: src/trpc/routers/app/ai-studio/_router.ts(11,3): error TS2300: Duplicate identifier 'aiStudioUserAppTeamConfigSchema'.
@kdx/api:dev: src/trpc/routers/app/ai-studio/_router.ts(11,3): error TS2305: Module '"@kdx/validators/trpc/app"' has no exported member 'aiStudioUserAppTeamConfigSchema'.
@kdx/api:dev: src/trpc/routers/app/ai-studio/_router.ts(36,34): error TS2307: Cannot find module '../../../../internal/services/appConfig.service' or its corresponding type declarations.
@kdx/api:dev: src/trpc/routers/app/ai-studio/_router.ts(37,44): error TS2307: Cannot find module '../../trpc' or its corresponding type declarations.
@kdx/api:dev: src/trpc/routers/app/ai-studio/_router.ts(45,8): error TS2307: Cannot find module './team-instructions' or its corresponding type declarations.
@kdx/api:dev: src/trpc/routers/app/ai-studio/_router.ts(68,24): error TS7031: Binding element 'input' implicitly has an 'any' type.
@kdx/api:dev: src/trpc/routers/app/ai-studio/_router.ts(68,31): error TS7031: Binding element 'ctx' implicitly has an 'any' type.
@kdx/api:dev: src/trpc/routers/app/ai-studio/_router.ts(92,21): error TS7031: Binding element 'input' implicitly has an 'any' type.
@kdx/api:dev: src/trpc/routers/app/ai-studio/_router.ts(92,28): error TS7031: Binding element 'ctx' implicitly has an 'any' type.
@kdx/api:dev: src/trpc/routers/app/ai-studio/_router.ts(127,21): error TS7031: Binding element 'input' implicitly has an 'any' type.
@kdx/api:dev: src/trpc/routers/app/ai-studio/_router.ts(127,28): error TS7031: Binding element 'ctx' implicitly has an 'any' type.
@kdx/api:dev: src/trpc/routers/app/ai-studio/_router.ts(158,24): error TS7031: Binding element 'input' implicitly has an 'any' type.
@kdx/api:dev: src/trpc/routers/app/ai-studio/_router.ts(158,31): error TS7031: Binding element 'ctx' implicitly has an 'any' type.
@kdx/api:dev: src/trpc/routers/app/ai-studio/_router.ts(186,24): error TS7031: Binding element 'input' implicitly has an 'any' type.
@kdx/api:dev: src/trpc/routers/app/ai-studio/_router.ts(186,31): error TS7031: Binding element 'ctx' implicitly has an 'any' type.
@kdx/api:dev: src/trpc/routers/app/ai-studio/_router.ts(225,58): error TS7031: Binding element 'ctx' implicitly has an 'any' type.
@kdx/api:dev: src/trpc/routers/app/ai-studio/_router.ts(241,24): error TS7031: Binding element 'ctx' implicitly has an 'any' type.
@kdx/api:dev: src/trpc/routers/app/ai-studio/_router.ts(241,29): error TS7031: Binding element 'input' implicitly has an 'any' type.
@kdx/api:dev: src/trpc/routers/app/ai-studio/_router.ts(259,24): error TS7031: Binding element 'ctx' implicitly has an 'any' type.
@kdx/api:dev: src/trpc/routers/app/ai-studio/_router.ts(259,29): error TS7031: Binding element 'input' implicitly has an 'any' type.
@kdx/api:dev: src/trpc/routers/app/ai-studio/_router.ts(277,24): error TS7031: Binding element 'ctx' implicitly has an 'any' type.
@kdx/api:dev: src/trpc/routers/app/ai-studio/_router.ts(277,29): error TS7031: Binding element 'input' implicitly has an 'any' type.
@kdx/api:dev: src/trpc/routers/app/ai-studio/_router.ts(302,24): error TS7031: Binding element 'ctx' implicitly has an 'any' type.
@kdx/api:dev: src/trpc/routers/app/ai-studio/_router.ts(302,29): error TS7031: Binding element 'input' implicitly has an 'any' type.
@kdx/api:dev: src/trpc/routers/app/ai-studio/_router.ts(320,24): error TS7031: Binding element 'ctx' implicitly has an 'any' type.
@kdx/api:dev: src/trpc/routers/app/ai-studio/_router.ts(320,29): error TS7031: Binding element 'input' implicitly has an 'any' type.
@kdx/api:dev: src/trpc/routers/app/ai-studio/_router.ts(335,54): error TS7031: Binding element 'ctx' implicitly has an 'any' type.
@kdx/api:dev: src/trpc/routers/app/ai-studio/_router.ts(353,58): error TS7031: Binding element 'ctx' implicitly has an 'any' type.
@kdx/api:dev: src/trpc/routers/app/ai-studio/_router.ts(368,16): error TS2304: Cannot find name 'aiStudioConfigSchema'.
@kdx/api:dev: src/trpc/routers/app/ai-studio/_router.ts(371,14): error TS2304: Cannot find name 'aiStudioConfigSchema'.
@kdx/api:dev: src/trpc/routers/app/ai-studio/_router.ts(383,16): error TS7006: Parameter 'opts' implicitly has an 'any' type.
@kdx/api:dev: src/trpc/routers/app/ai-studio/_router.ts(386,66): error TS7031: Binding element 'ctx' implicitly has an 'any' type.
@kdx/api:dev: src/trpc/routers/app/ai-studio/_router.ts(406,24): error TS7031: Binding element 'ctx' implicitly has an 'any' type.
@kdx/api:dev: src/trpc/routers/app/ai-studio/_router.ts(406,29): error TS7031: Binding element 'input' implicitly has an 'any' type.
@kdx/api:dev: src/trpc/routers/app/ai-studio/_router.ts(407,27): error TS2551: Property 'upsertUserAppTeamConfig' does not exist on type 'typeof import("/Users/mahadevadas/Documents/Kodix/kodix-turbo/packages/db/src/repositories/app/appRepository")'. Did you mean 'upsertUserAppTeamConfigs'?
@kdx/api:dev: src/trpc/routers/app/installApp.handler.ts(46,43): error TS2345: Argument of type '"rglo4zodf341" | "1z50i9xblo4b" | "az1x2c3bv4n5" | "ai9x7m2k5p1s"' is not assignable to parameter of type 'KodixAppId'.
@kdx/api:dev:   Type '"ai9x7m2k5p1s"' is not assignable to type 'KodixAppId'.
@kdx/api:dev: src/trpc/routers/app/installApp.handler.ts(107,7): error TS2322: Type '"rglo4zodf341" | "1z50i9xblo4b" | "az1x2c3bv4n5" | "ai9x7m2k5p1s"' is not assignable to type 'KodixAppId'.
@kdx/api:dev:   Type '"ai9x7m2k5p1s"' is not assignable to type 'KodixAppId'.
@kdx/api:dev: ../db/src/repositories/app/appRepository.ts(210,53): error TS2339: Property 'ai_studio_app_789' does not exist on type '{ "1z50i9xblo4b": ZodObject<{ sendNotificationsForDelayedTasks: ZodOptional<ZodOptional<ZodBoolean>>; }, "strip", ZodTypeAny, { sendNotificationsForDelayedTasks?: boolean | undefined; }, { ...; }>; az1x2c3bv4n5: ZodObject<...>; }'.
@kdx/api:dev:  ELIFECYCLE  Command failed with exit code 2.
@kdx/api:dev: ERROR: command finished with error: command (/Users/mahadevadas/Documents/Kodix/kodix-turbo/packages/api) /Users/mahadevadas/.nvm/versions/node/v20.18.1/bin/pnpm run dev exited (2)
@kdx/api#dev: command (/Users/mahadevadas/Documents/Kodix/kodix-turbo/packages/api) /Users/mahadevadas/.nvm/versions/node/v20.18.1/bin/pnpm run dev exited (2)
@kdx/api:dev: cache bypass, force executing 867e30d73f5e8531
@kdx/api:dev: 
@kdx/api:dev: > @kdx/api@0.1.0 dev /Users/mahadevadas/Documents/Kodix/kodix-turbo/packages/api
@kdx/api:dev: > tsc
@kdx/api:dev: 
@kdx/api:dev: src/trpc/routers/app/ai-studio/_router.ts(9,25): error TS2300: Duplicate identifier 'aiStudioUserAppTeamConfigSchema'.
@kdx/api:dev: src/trpc/routers/app/ai-studio/_router.ts(11,3): error TS2300: Duplicate identifier 'aiStudioUserAppTeamConfigSchema'.
@kdx/api:dev: src/trpc/routers/app/ai-studio/_router.ts(11,3): error TS2305: Module '"@kdx/validators/trpc/app"' has no exported member 'aiStudioUserAppTeamConfigSchema'.
@kdx/api:dev: src/trpc/routers/app/ai-studio/_router.ts(36,34): error TS2307: Cannot find module '../../../../internal/services/appConfig.service' or its corresponding type declarations.
@kdx/api:dev: src/trpc/routers/app/ai-studio/_router.ts(37,44): error TS2307: Cannot find module '../../trpc' or its corresponding type declarations.
@kdx/api:dev: src/trpc/routers/app/ai-studio/_router.ts(45,8): error TS2307: Cannot find module './team-instructions' or its corresponding type declarations.
@kdx/api:dev: src/trpc/routers/app/ai-studio/_router.ts(68,24): error TS7031: Binding element 'input' implicitly has an 'any' type.
@kdx/api:dev: src/trpc/routers/app/ai-studio/_router.ts(68,31): error TS7031: Binding element 'ctx' implicitly has an 'any' type.
@kdx/api:dev: src/trpc/routers/app/ai-studio/_router.ts(92,21): error TS7031: Binding element 'input' implicitly has an 'any' type.
@kdx/api:dev: src/trpc/routers/app/ai-studio/_router.ts(92,28): error TS7031: Binding element 'ctx' implicitly has an 'any' type.
@kdx/api:dev: src/trpc/routers/app/ai-studio/_router.ts(127,21): error TS7031: Binding element 'input' implicitly has an 'any' type.
@kdx/api:dev: src/trpc/routers/app/ai-studio/_router.ts(127,28): error TS7031: Binding element 'ctx' implicitly has an 'any' type.
@kdx/api:dev: src/trpc/routers/app/ai-studio/_router.ts(158,24): error TS7031: Binding element 'input' implicitly has an 'any' type.
@kdx/api:dev: src/trpc/routers/app/ai-studio/_router.ts(158,31): error TS7031: Binding element 'ctx' implicitly has an 'any' type.
@kdx/api:dev: src/trpc/routers/app/ai-studio/_router.ts(186,24): error TS7031: Binding element 'input' implicitly has an 'any' type.
@kdx/api:dev: src/trpc/routers/app/ai-studio/_router.ts(186,31): error TS7031: Binding element 'ctx' implicitly has an 'any' type.
@kdx/api:dev: src/trpc/routers/app/ai-studio/_router.ts(225,58): error TS7031: Binding element 'ctx' implicitly has an 'any' type.
@kdx/api:dev: src/trpc/routers/app/ai-studio/_router.ts(241,24): error TS7031: Binding element 'ctx' implicitly has an 'any' type.
@kdx/api:dev: src/trpc/routers/app/ai-studio/_router.ts(241,29): error TS7031: Binding element 'input' implicitly has an 'any' type.
@kdx/api:dev: src/trpc/routers/app/ai-studio/_router.ts(259,24): error TS7031: Binding element 'ctx' implicitly has an 'any' type.
@kdx/api:dev: src/trpc/routers/app/ai-studio/_router.ts(259,29): error TS7031: Binding element 'input' implicitly has an 'any' type.
@kdx/api:dev: src/trpc/routers/app/ai-studio/_router.ts(277,24): error TS7031: Binding element 'ctx' implicitly has an 'any' type.
@kdx/api:dev: src/trpc/routers/app/ai-studio/_router.ts(277,29): error TS7031: Binding element 'input' implicitly has an 'any' type.
@kdx/api:dev: src/trpc/routers/app/ai-studio/_router.ts(302,24): error TS7031: Binding element 'ctx' implicitly has an 'any' type.
@kdx/api:dev: src/trpc/routers/app/ai-studio/_router.ts(302,29): error TS7031: Binding element 'input' implicitly has an 'any' type.
@kdx/api:dev: src/trpc/routers/app/ai-studio/_router.ts(320,24): error TS7031: Binding element 'ctx' implicitly has an 'any' type.
@kdx/api:dev: src/trpc/routers/app/ai-studio/_router.ts(320,29): error TS7031: Binding element 'input' implicitly has an 'any' type.
@kdx/api:dev: src/trpc/routers/app/ai-studio/_router.ts(335,54): error TS7031: Binding element 'ctx' implicitly has an 'any' type.
@kdx/api:dev: src/trpc/routers/app/ai-studio/_router.ts(353,58): error TS7031: Binding element 'ctx' implicitly has an 'any' type.
@kdx/api:dev: src/trpc/routers/app/ai-studio/_router.ts(368,16): error TS2304: Cannot find name 'aiStudioConfigSchema'.
@kdx/api:dev: src/trpc/routers/app/ai-studio/_router.ts(371,14): error TS2304: Cannot find name 'aiStudioConfigSchema'.
@kdx/api:dev: src/trpc/routers/app/ai-studio/_router.ts(383,16): error TS7006: Parameter 'opts' implicitly has an 'any' type.
@kdx/api:dev: src/trpc/routers/app/ai-studio/_router.ts(386,66): error TS7031: Binding element 'ctx' implicitly has an 'any' type.
@kdx/api:dev: src/trpc/routers/app/ai-studio/_router.ts(406,24): error TS7031: Binding element 'ctx' implicitly has an 'any' type.
@kdx/api:dev: src/trpc/routers/app/ai-studio/_router.ts(406,29): error TS7031: Binding element 'input' implicitly has an 'any' type.
@kdx/api:dev: src/trpc/routers/app/ai-studio/_router.ts(407,27): error TS2551: Property 'upsertUserAppTeamConfig' does not exist on type 'typeof import("/Users/mahadevadas/Documents/Kodix/kodix-turbo/packages/db/src/repositories/app/appRepository")'. Did you mean 'upsertUserAppTeamConfigs'?
@kdx/api:dev: src/trpc/routers/app/installApp.handler.ts(46,43): error TS2345: Argument of type '"rglo4zodf341" | "1z50i9xblo4b" | "az1x2c3bv4n5" | "ai9x7m2k5p1s"' is not assignable to parameter of type 'KodixAppId'.
@kdx/api:dev:   Type '"ai9x7m2k5p1s"' is not assignable to type 'KodixAppId'.
@kdx/api:dev: src/trpc/routers/app/installApp.handler.ts(107,7): error TS2322: Type '"rglo4zodf341" | "1z50i9xblo4b" | "az1x2c3bv4n5" | "ai9x7m2k5p1s"' is not assignable to type 'KodixAppId'.
@kdx/api:dev:   Type '"ai9x7m2k5p1s"' is not assignable to type 'KodixAppId'.
@kdx/api:dev: ../db/src/repositories/app/appRepository.ts(210,53): error TS2339: Property 'ai_studio_app_789' does not exist on type '{ "1z50i9xblo4b": ZodObject<{ sendNotificationsForDelayedTasks: ZodOptional<ZodOptional<ZodBoolean>>; }, "strip", ZodTypeAny, { sendNotificationsForDelayedTasks?: boolean | undefined; }, { ...; }>; az1x2c3bv4n5: ZodObject<...>; }'.
@kdx/api:dev:  ELIFECYCLE  Command failed with exit code 2.
@kdx/api:dev: ERROR: command finished with error: command (/Users/mahadevadas/Documents/Kodix/kodix-turbo/packages/api) /Users/mahadevadas/.nvm/versions/node/v20.18.1/bin/pnpm run dev exited (2)
@kdx/api#dev: command (/Users/mahadevadas/Documents/Kodix/kodix-turbo/packages/api) /Users/mahadevadas/.nvm/versions/node/v20.18.1/bin/pnpm run dev exited (2)
@kdx/api:dev: cache bypass, force executing 320f86b5632ea0a8
@kdx/api:dev: 
@kdx/api:dev: > @kdx/api@0.1.0 dev /Users/mahadevadas/Documents/Kodix/kodix-turbo/packages/api
@kdx/api:dev: > tsc
@kdx/api:dev: 
@kdx/api:dev: src/trpc/routers/app/ai-studio/_router.ts(14,44): error TS2307: Cannot find module '../../trpc' or its corresponding type declarations.
@kdx/api:dev: src/trpc/routers/app/ai-studio/_router.ts(28,58): error TS7031: Binding element 'ctx' implicitly has an 'any' type.
@kdx/api:dev: src/trpc/routers/app/ai-studio/_router.ts(44,58): error TS7031: Binding element 'ctx' implicitly has an 'any' type.
@kdx/api:dev: src/trpc/routers/app/ai-studio/_router.ts(78,24): error TS7031: Binding element 'ctx' implicitly has an 'any' type.
@kdx/api:dev: src/trpc/routers/app/ai-studio/_router.ts(78,29): error TS7031: Binding element 'input' implicitly has an 'any' type.
@kdx/api:dev: src/trpc/routers/app/ai-studio/_router.ts(106,66): error TS7031: Binding element 'ctx' implicitly has an 'any' type.
@kdx/api:dev: src/trpc/routers/app/ai-studio/_router.ts(126,24): error TS7031: Binding element 'ctx' implicitly has an 'any' type.
@kdx/api:dev: src/trpc/routers/app/ai-studio/_router.ts(126,29): error TS7031: Binding element 'input' implicitly has an 'any' type.
@kdx/api:dev: src/trpc/routers/app/ai-studio/_router.ts(145,27): error TS2551: Property 'upsertUserAppTeamConfig' does not exist on type 'typeof import("/Users/mahadevadas/Documents/Kodix/kodix-turbo/packages/db/src/repositories/app/appRepository")'. Did you mean 'upsertUserAppTeamConfigs'?
@kdx/api:dev: src/trpc/routers/app/installApp.handler.ts(46,43): error TS2345: Argument of type '"rglo4zodf341" | "1z50i9xblo4b" | "az1x2c3bv4n5" | "ai9x7m2k5p1s"' is not assignable to parameter of type 'KodixAppId'.
@kdx/api:dev:   Type '"ai9x7m2k5p1s"' is not assignable to type 'KodixAppId'.
@kdx/api:dev: src/trpc/routers/app/installApp.handler.ts(107,7): error TS2322: Type '"rglo4zodf341" | "1z50i9xblo4b" | "az1x2c3bv4n5" | "ai9x7m2k5p1s"' is not assignable to type 'KodixAppId'.
@kdx/api:dev:   Type '"ai9x7m2k5p1s"' is not assignable to type 'KodixAppId'.
@kdx/api:dev: ../db/src/repositories/app/appRepository.ts(210,53): error TS2339: Property 'ai_studio_app_789' does not exist on type '{ "1z50i9xblo4b": ZodObject<{ sendNotificationsForDelayedTasks: ZodOptional<ZodOptional<ZodBoolean>>; }, "strip", ZodTypeAny, { sendNotificationsForDelayedTasks?: boolean | undefined; }, { ...; }>; az1x2c3bv4n5: ZodObject<...>; }'.
@kdx/api:dev:  ELIFECYCLE  Command failed with exit code 2.
@kdx/api:dev: ERROR: command finished with error: command (/Users/mahadevadas/Documents/Kodix/kodix-turbo/packages/api) /Users/mahadevadas/.nvm/versions/node/v20.18.1/bin/pnpm run dev exited (2)
@kdx/api#dev: command (/Users/mahadevadas/Documents/Kodix/kodix-turbo/packages/api) /Users/mahadevadas/.nvm/versions/node/v20.18.1/bin/pnpm run dev exited (2)
@kdx/shared:dev: cache bypass, force executing afb89322bed834cd
@kdx/shared:dev: 
@kdx/shared:dev: > @kdx/shared@0.1.0 dev /Users/mahadevadas/Documents/Kodix/kodix-turbo/packages/shared
@kdx/shared:dev: > tsc
@kdx/shared:dev: 
@kdx/db:dev: cache bypass, force executing 6b174a21ea8c8956
@kdx/ui:dev: cache bypass, force executing c30a32a592c8961b
@kdx/ui:dev: 
@kdx/ui:dev: > @kdx/ui@0.1.0 dev /Users/mahadevadas/Documents/Kodix/kodix-turbo/packages/ui
@kdx/ui:dev: > tsc
@kdx/ui:dev: 
@kdx/db:dev: 
@kdx/db:dev: > @kdx/db@0.1.0 dev /Users/mahadevadas/Documents/Kodix/kodix-turbo/packages/db
@kdx/db:dev: > tsc
@kdx/db:dev: 
@kdx/api:dev: cache bypass, force executing 9da429b72d69acef
@kdx/api:dev: 
@kdx/api:dev: > @kdx/api@0.1.0 dev /Users/mahadevadas/Documents/Kodix/kodix-turbo/packages/api
@kdx/api:dev: > tsc
@kdx/api:dev: 
